2024-08-05T02:58:25.886+05:30  INFO 19324 --- [spring-jpa-one-to-many-blog-comment-2] [restartedMain] pringJpaOneToManyBlogComment2Application : Starting SpringJpaOneToManyBlogComment2Application using Java 21.0.3 with PID 19324 (C:\Users\ChHarshini\Documents\workspace-spring-tool-suite-4-4.23.1.RELEASE\spring-jpa-one-to-many-blog-comment-2\target\classes started by ChHarshini in C:\Users\ChHarshini\Documents\workspace-spring-tool-suite-4-4.23.1.RELEASE\spring-jpa-one-to-many-blog-comment-2)
2024-08-05T02:58:25.886+05:30  INFO 19324 --- [spring-jpa-one-to-many-blog-comment-2] [restartedMain] pringJpaOneToManyBlogComment2Application : No active profile set, falling back to 1 default profile: "default"
2024-08-05T02:58:26.062+05:30  INFO 19324 --- [spring-jpa-one-to-many-blog-comment-2] [restartedMain] .s.d.r.c.RepositoryConfigurationDelegate : Bootstrapping Spring Data JPA repositories in DEFAULT mode.
2024-08-05T02:58:26.073+05:30  INFO 19324 --- [spring-jpa-one-to-many-blog-comment-2] [restartedMain] .s.d.r.c.RepositoryConfigurationDelegate : Finished Spring Data repository scanning in 8 ms. Found 2 JPA repository interfaces.
2024-08-05T02:58:26.145+05:30  INFO 19324 --- [spring-jpa-one-to-many-blog-comment-2] [restartedMain] o.s.b.w.embedded.tomcat.TomcatWebServer  : Tomcat initialized with port 8080 (http)
2024-08-05T02:58:26.146+05:30  INFO 19324 --- [spring-jpa-one-to-many-blog-comment-2] [restartedMain] o.apache.catalina.core.StandardService   : Starting service [Tomcat]
2024-08-05T02:58:26.146+05:30  INFO 19324 --- [spring-jpa-one-to-many-blog-comment-2] [restartedMain] o.apache.catalina.core.StandardEngine    : Starting Servlet engine: [Apache Tomcat/10.1.26]
2024-08-05T02:58:26.164+05:30  INFO 19324 --- [spring-jpa-one-to-many-blog-comment-2] [restartedMain] o.a.c.c.C.[Tomcat].[localhost].[/]       : Initializing Spring embedded WebApplicationContext
2024-08-05T02:58:26.164+05:30  INFO 19324 --- [spring-jpa-one-to-many-blog-comment-2] [restartedMain] w.s.c.ServletWebServerApplicationContext : Root WebApplicationContext: initialization completed in 276 ms
2024-08-05T02:58:26.189+05:30  INFO 19324 --- [spring-jpa-one-to-many-blog-comment-2] [restartedMain] o.hibernate.jpa.internal.util.LogHelper  : HHH000204: Processing PersistenceUnitInfo [name: default]
2024-08-05T02:58:26.191+05:30  INFO 19324 --- [spring-jpa-one-to-many-blog-comment-2] [restartedMain] o.h.c.internal.RegionFactoryInitiator    : HHH000026: Second-level cache disabled
2024-08-05T02:58:26.199+05:30  INFO 19324 --- [spring-jpa-one-to-many-blog-comment-2] [restartedMain] o.s.o.j.p.SpringPersistenceUnitInfo      : No LoadTimeWeaver setup: ignoring JPA class transformer
2024-08-05T02:58:26.200+05:30  INFO 19324 --- [spring-jpa-one-to-many-blog-comment-2] [restartedMain] com.zaxxer.hikari.HikariDataSource       : HikariPool-2 - Starting...
2024-08-05T02:58:26.214+05:30  INFO 19324 --- [spring-jpa-one-to-many-blog-comment-2] [restartedMain] com.zaxxer.hikari.pool.HikariPool        : HikariPool-2 - Added connection com.mysql.cj.jdbc.ConnectionImpl@4db783f3
2024-08-05T02:58:26.214+05:30  INFO 19324 --- [spring-jpa-one-to-many-blog-comment-2] [restartedMain] com.zaxxer.hikari.HikariDataSource       : HikariPool-2 - Start completed.
2024-08-05T02:58:26.269+05:30  INFO 19324 --- [spring-jpa-one-to-many-blog-comment-2] [restartedMain] o.h.e.t.j.p.i.JtaPlatformInitiator       : HHH000489: No JTA platform available (set 'hibernate.transaction.jta.platform' to enable JTA platform integration)
2024-08-05T02:58:26.284+05:30  INFO 19324 --- [spring-jpa-one-to-many-blog-comment-2] [restartedMain] j.LocalContainerEntityManagerFactoryBean : Initialized JPA EntityManagerFactory for persistence unit 'default'
2024-08-05T02:58:26.358+05:30  WARN 19324 --- [spring-jpa-one-to-many-blog-comment-2] [restartedMain] JpaBaseConfiguration$JpaWebConfiguration : spring.jpa.open-in-view is enabled by default. Therefore, database queries may be performed during view rendering. Explicitly configure spring.jpa.open-in-view to disable this warning
2024-08-05T02:58:26.434+05:30  INFO 19324 --- [spring-jpa-one-to-many-blog-comment-2] [restartedMain] o.s.b.d.a.OptionalLiveReloadServer       : LiveReload server is running on port 35729
2024-08-05T02:58:26.442+05:30  INFO 19324 --- [spring-jpa-one-to-many-blog-comment-2] [restartedMain] o.s.b.w.embedded.tomcat.TomcatWebServer  : Tomcat started on port 8080 (http) with context path '/'
2024-08-05T02:58:26.445+05:30  INFO 19324 --- [spring-jpa-one-to-many-blog-comment-2] [restartedMain] pringJpaOneToManyBlogComment2Application : Started SpringJpaOneToManyBlogComment2Application in 0.595 seconds (process running for 442.152)
2024-08-05T02:58:26.447+05:30  INFO 19324 --- [spring-jpa-one-to-many-blog-comment-2] [restartedMain] .ConditionEvaluationDeltaLoggingListener : Condition evaluation unchanged
2024-08-05T02:59:22.676+05:30  INFO 12008 --- [spring-jpa-one-to-many-blog-comment-2] [restartedMain] pringJpaOneToManyBlogComment2Application : Starting SpringJpaOneToManyBlogComment2Application using Java 21.0.3 with PID 12008 (C:\Users\ChHarshini\Documents\workspace-spring-tool-suite-4-4.23.1.RELEASE\spring-jpa-one-to-many-blog-comment-2\target\classes started by ChHarshini in C:\Users\ChHarshini\Documents\workspace-spring-tool-suite-4-4.23.1.RELEASE\spring-jpa-one-to-many-blog-comment-2)
2024-08-05T02:59:22.683+05:30  INFO 12008 --- [spring-jpa-one-to-many-blog-comment-2] [restartedMain] pringJpaOneToManyBlogComment2Application : No active profile set, falling back to 1 default profile: "default"
2024-08-05T02:59:22.724+05:30  INFO 12008 --- [spring-jpa-one-to-many-blog-comment-2] [restartedMain] .e.DevToolsPropertyDefaultsPostProcessor : Devtools property defaults active! Set 'spring.devtools.add-properties' to 'false' to disable
2024-08-05T02:59:22.724+05:30  INFO 12008 --- [spring-jpa-one-to-many-blog-comment-2] [restartedMain] .e.DevToolsPropertyDefaultsPostProcessor : For additional web related logging consider setting the 'logging.level.web' property to 'DEBUG'
2024-08-05T02:59:23.380+05:30  INFO 12008 --- [spring-jpa-one-to-many-blog-comment-2] [restartedMain] .s.d.r.c.RepositoryConfigurationDelegate : Bootstrapping Spring Data JPA repositories in DEFAULT mode.
2024-08-05T02:59:23.446+05:30  INFO 12008 --- [spring-jpa-one-to-many-blog-comment-2] [restartedMain] .s.d.r.c.RepositoryConfigurationDelegate : Finished Spring Data repository scanning in 55 ms. Found 2 JPA repository interfaces.
2024-08-05T02:59:23.977+05:30  INFO 12008 --- [spring-jpa-one-to-many-blog-comment-2] [restartedMain] o.s.b.w.embedded.tomcat.TomcatWebServer  : Tomcat initialized with port 8080 (http)
2024-08-05T02:59:23.987+05:30  INFO 12008 --- [spring-jpa-one-to-many-blog-comment-2] [restartedMain] o.apache.catalina.core.StandardService   : Starting service [Tomcat]
2024-08-05T02:59:23.988+05:30  INFO 12008 --- [spring-jpa-one-to-many-blog-comment-2] [restartedMain] o.apache.catalina.core.StandardEngine    : Starting Servlet engine: [Apache Tomcat/10.1.26]
2024-08-05T02:59:24.031+05:30  INFO 12008 --- [spring-jpa-one-to-many-blog-comment-2] [restartedMain] o.a.c.c.C.[Tomcat].[localhost].[/]       : Initializing Spring embedded WebApplicationContext
2024-08-05T02:59:24.031+05:30  INFO 12008 --- [spring-jpa-one-to-many-blog-comment-2] [restartedMain] w.s.c.ServletWebServerApplicationContext : Root WebApplicationContext: initialization completed in 1307 ms
2024-08-05T02:59:24.178+05:30  INFO 12008 --- [spring-jpa-one-to-many-blog-comment-2] [restartedMain] o.hibernate.jpa.internal.util.LogHelper  : HHH000204: Processing PersistenceUnitInfo [name: default]
2024-08-05T02:59:24.227+05:30  INFO 12008 --- [spring-jpa-one-to-many-blog-comment-2] [restartedMain] org.hibernate.Version                    : HHH000412: Hibernate ORM core version 6.5.2.Final
2024-08-05T02:59:24.256+05:30  INFO 12008 --- [spring-jpa-one-to-many-blog-comment-2] [restartedMain] o.h.c.internal.RegionFactoryInitiator    : HHH000026: Second-level cache disabled
2024-08-05T02:59:24.501+05:30  INFO 12008 --- [spring-jpa-one-to-many-blog-comment-2] [restartedMain] o.s.o.j.p.SpringPersistenceUnitInfo      : No LoadTimeWeaver setup: ignoring JPA class transformer
2024-08-05T02:59:24.522+05:30  INFO 12008 --- [spring-jpa-one-to-many-blog-comment-2] [restartedMain] com.zaxxer.hikari.HikariDataSource       : HikariPool-1 - Starting...
2024-08-05T02:59:24.857+05:30  INFO 12008 --- [spring-jpa-one-to-many-blog-comment-2] [restartedMain] com.zaxxer.hikari.pool.HikariPool        : HikariPool-1 - Added connection com.mysql.cj.jdbc.ConnectionImpl@49f74454
2024-08-05T02:59:24.858+05:30  INFO 12008 --- [spring-jpa-one-to-many-blog-comment-2] [restartedMain] com.zaxxer.hikari.HikariDataSource       : HikariPool-1 - Start completed.
2024-08-05T02:59:25.593+05:30  INFO 12008 --- [spring-jpa-one-to-many-blog-comment-2] [restartedMain] o.h.e.t.j.p.i.JtaPlatformInitiator       : HHH000489: No JTA platform available (set 'hibernate.transaction.jta.platform' to enable JTA platform integration)
2024-08-05T02:59:25.637+05:30  INFO 12008 --- [spring-jpa-one-to-many-blog-comment-2] [restartedMain] j.LocalContainerEntityManagerFactoryBean : Initialized JPA EntityManagerFactory for persistence unit 'default'
2024-08-05T02:59:26.030+05:30  WARN 12008 --- [spring-jpa-one-to-many-blog-comment-2] [restartedMain] JpaBaseConfiguration$JpaWebConfiguration : spring.jpa.open-in-view is enabled by default. Therefore, database queries may be performed during view rendering. Explicitly configure spring.jpa.open-in-view to disable this warning
2024-08-05T02:59:26.419+05:30  INFO 12008 --- [spring-jpa-one-to-many-blog-comment-2] [restartedMain] o.s.b.d.a.OptionalLiveReloadServer       : LiveReload server is running on port 35729
2024-08-05T02:59:26.446+05:30  INFO 12008 --- [spring-jpa-one-to-many-blog-comment-2] [restartedMain] o.s.b.w.embedded.tomcat.TomcatWebServer  : Tomcat started on port 8080 (http) with context path '/'
2024-08-05T02:59:26.456+05:30  INFO 12008 --- [spring-jpa-one-to-many-blog-comment-2] [restartedMain] pringJpaOneToManyBlogComment2Application : Started SpringJpaOneToManyBlogComment2Application in 4.107 seconds (process running for 4.488)
2024-08-05T02:59:30.355+05:30  INFO 6536 --- [spring-jpa-one-to-many-blog-comment-2] [restartedMain] pringJpaOneToManyBlogComment2Application : Starting SpringJpaOneToManyBlogComment2Application using Java 21.0.3 with PID 6536 (C:\Users\ChHarshini\Documents\workspace-spring-tool-suite-4-4.23.1.RELEASE\spring-jpa-one-to-many-blog-comment-2\target\classes started by ChHarshini in C:\Users\ChHarshini\Documents\workspace-spring-tool-suite-4-4.23.1.RELEASE\spring-jpa-one-to-many-blog-comment-2)
2024-08-05T02:59:30.357+05:30  INFO 6536 --- [spring-jpa-one-to-many-blog-comment-2] [restartedMain] pringJpaOneToManyBlogComment2Application : No active profile set, falling back to 1 default profile: "default"
2024-08-05T02:59:30.401+05:30  INFO 6536 --- [spring-jpa-one-to-many-blog-comment-2] [restartedMain] .e.DevToolsPropertyDefaultsPostProcessor : Devtools property defaults active! Set 'spring.devtools.add-properties' to 'false' to disable
2024-08-05T02:59:30.402+05:30  INFO 6536 --- [spring-jpa-one-to-many-blog-comment-2] [restartedMain] .e.DevToolsPropertyDefaultsPostProcessor : For additional web related logging consider setting the 'logging.level.web' property to 'DEBUG'
2024-08-05T02:59:31.057+05:30  INFO 6536 --- [spring-jpa-one-to-many-blog-comment-2] [restartedMain] .s.d.r.c.RepositoryConfigurationDelegate : Bootstrapping Spring Data JPA repositories in DEFAULT mode.
2024-08-05T02:59:31.109+05:30  INFO 6536 --- [spring-jpa-one-to-many-blog-comment-2] [restartedMain] .s.d.r.c.RepositoryConfigurationDelegate : Finished Spring Data repository scanning in 45 ms. Found 2 JPA repository interfaces.
2024-08-05T02:59:31.630+05:30  INFO 6536 --- [spring-jpa-one-to-many-blog-comment-2] [restartedMain] o.s.b.w.embedded.tomcat.TomcatWebServer  : Tomcat initialized with port 8080 (http)
2024-08-05T02:59:31.642+05:30  INFO 6536 --- [spring-jpa-one-to-many-blog-comment-2] [restartedMain] o.apache.catalina.core.StandardService   : Starting service [Tomcat]
2024-08-05T02:59:31.642+05:30  INFO 6536 --- [spring-jpa-one-to-many-blog-comment-2] [restartedMain] o.apache.catalina.core.StandardEngine    : Starting Servlet engine: [Apache Tomcat/10.1.26]
2024-08-05T02:59:31.686+05:30  INFO 6536 --- [spring-jpa-one-to-many-blog-comment-2] [restartedMain] o.a.c.c.C.[Tomcat].[localhost].[/]       : Initializing Spring embedded WebApplicationContext
2024-08-05T02:59:31.687+05:30  INFO 6536 --- [spring-jpa-one-to-many-blog-comment-2] [restartedMain] w.s.c.ServletWebServerApplicationContext : Root WebApplicationContext: initialization completed in 1284 ms
2024-08-05T02:59:31.835+05:30  INFO 6536 --- [spring-jpa-one-to-many-blog-comment-2] [restartedMain] o.hibernate.jpa.internal.util.LogHelper  : HHH000204: Processing PersistenceUnitInfo [name: default]
2024-08-05T02:59:31.883+05:30  INFO 6536 --- [spring-jpa-one-to-many-blog-comment-2] [restartedMain] org.hibernate.Version                    : HHH000412: Hibernate ORM core version 6.5.2.Final
2024-08-05T02:59:31.911+05:30  INFO 6536 --- [spring-jpa-one-to-many-blog-comment-2] [restartedMain] o.h.c.internal.RegionFactoryInitiator    : HHH000026: Second-level cache disabled
2024-08-05T02:59:32.168+05:30  INFO 6536 --- [spring-jpa-one-to-many-blog-comment-2] [restartedMain] o.s.o.j.p.SpringPersistenceUnitInfo      : No LoadTimeWeaver setup: ignoring JPA class transformer
2024-08-05T02:59:32.189+05:30  INFO 6536 --- [spring-jpa-one-to-many-blog-comment-2] [restartedMain] com.zaxxer.hikari.HikariDataSource       : HikariPool-1 - Starting...
2024-08-05T02:59:32.495+05:30  INFO 6536 --- [spring-jpa-one-to-many-blog-comment-2] [restartedMain] com.zaxxer.hikari.pool.HikariPool        : HikariPool-1 - Added connection com.mysql.cj.jdbc.ConnectionImpl@2a53e1cb
2024-08-05T02:59:32.497+05:30  INFO 6536 --- [spring-jpa-one-to-many-blog-comment-2] [restartedMain] com.zaxxer.hikari.HikariDataSource       : HikariPool-1 - Start completed.
2024-08-05T02:59:33.207+05:30  INFO 6536 --- [spring-jpa-one-to-many-blog-comment-2] [restartedMain] o.h.e.t.j.p.i.JtaPlatformInitiator       : HHH000489: No JTA platform available (set 'hibernate.transaction.jta.platform' to enable JTA platform integration)
2024-08-05T02:59:33.250+05:30  INFO 6536 --- [spring-jpa-one-to-many-blog-comment-2] [restartedMain] j.LocalContainerEntityManagerFactoryBean : Initialized JPA EntityManagerFactory for persistence unit 'default'
2024-08-05T02:59:33.670+05:30  WARN 6536 --- [spring-jpa-one-to-many-blog-comment-2] [restartedMain] JpaBaseConfiguration$JpaWebConfiguration : spring.jpa.open-in-view is enabled by default. Therefore, database queries may be performed during view rendering. Explicitly configure spring.jpa.open-in-view to disable this warning
2024-08-05T02:59:34.060+05:30  INFO 6536 --- [spring-jpa-one-to-many-blog-comment-2] [restartedMain] o.s.b.d.a.OptionalLiveReloadServer       : LiveReload server is running on port 35729
2024-08-05T02:59:34.088+05:30  INFO 6536 --- [spring-jpa-one-to-many-blog-comment-2] [restartedMain] o.s.b.w.embedded.tomcat.TomcatWebServer  : Tomcat started on port 8080 (http) with context path '/'
2024-08-05T02:59:34.097+05:30  INFO 6536 --- [spring-jpa-one-to-many-blog-comment-2] [restartedMain] pringJpaOneToManyBlogComment2Application : Started SpringJpaOneToManyBlogComment2Application in 4.099 seconds (process running for 4.512)
2024-08-05T02:59:38.221+05:30  INFO 6536 --- [spring-jpa-one-to-many-blog-comment-2] [http-nio-8080-exec-1] o.a.c.c.C.[Tomcat].[localhost].[/]       : Initializing Spring DispatcherServlet 'dispatcherServlet'
2024-08-05T02:59:38.221+05:30  INFO 6536 --- [spring-jpa-one-to-many-blog-comment-2] [http-nio-8080-exec-1] o.s.web.servlet.DispatcherServlet        : Initializing Servlet 'dispatcherServlet'
2024-08-05T02:59:38.223+05:30  INFO 6536 --- [spring-jpa-one-to-many-blog-comment-2] [http-nio-8080-exec-1] o.s.web.servlet.DispatcherServlet        : Completed initialization in 2 ms
2024-08-05T02:59:38.315+05:30  WARN 6536 --- [spring-jpa-one-to-many-blog-comment-2] [http-nio-8080-exec-1] .m.m.a.ExceptionHandlerExceptionResolver : Resolved [org.springframework.web.bind.MethodArgumentNotValidException: Validation failed for argument [0] in public org.springframework.http.ResponseEntity<com.techlabs.app.dto.BlogDto> com.techlabs.app.controller.BlogController.saveBlog(com.techlabs.app.dto.BlogDto) with 3 errors: [Field error in object 'blogDto' on field 'data': rejected value [null]; codes [NotBlank.blogDto.data,NotBlank.data,NotBlank.java.lang.String,NotBlank]; arguments [org.springframework.context.support.DefaultMessageSourceResolvable: codes [blogDto.data,data]; arguments []; default message [data]]; default message [must not be blank]] [Field error in object 'blogDto' on field 'title': rejected value [null]; codes [NotBlank.blogDto.title,NotBlank.title,NotBlank.java.lang.String,NotBlank]; arguments [org.springframework.context.support.DefaultMessageSourceResolvable: codes [blogDto.title,title]; arguments []; default message [title]]; default message [must not be blank]] [Field error in object 'blogDto' on field 'category': rejected value [null]; codes [NotBlank.blogDto.category,NotBlank.category,NotBlank.java.lang.String,NotBlank]; arguments [org.springframework.context.support.DefaultMessageSourceResolvable: codes [blogDto.category,category]; arguments []; default message [category]]; default message [must not be blank]] ]
2024-08-05T02:59:52.345+05:30  WARN 6536 --- [spring-jpa-one-to-many-blog-comment-2] [http-nio-8080-exec-4] .m.m.a.ExceptionHandlerExceptionResolver : Resolved [org.springframework.web.bind.MethodArgumentNotValidException: Validation failed for argument [0] in public org.springframework.http.ResponseEntity<com.techlabs.app.dto.BlogDto> com.techlabs.app.controller.BlogController.saveBlog(com.techlabs.app.dto.BlogDto) with 3 errors: [Field error in object 'blogDto' on field 'data': rejected value [null]; codes [NotBlank.blogDto.data,NotBlank.data,NotBlank.java.lang.String,NotBlank]; arguments [org.springframework.context.support.DefaultMessageSourceResolvable: codes [blogDto.data,data]; arguments []; default message [data]]; default message [must not be blank]] [Field error in object 'blogDto' on field 'category': rejected value [null]; codes [NotBlank.blogDto.category,NotBlank.category,NotBlank.java.lang.String,NotBlank]; arguments [org.springframework.context.support.DefaultMessageSourceResolvable: codes [blogDto.category,category]; arguments []; default message [category]]; default message [must not be blank]] [Field error in object 'blogDto' on field 'title': rejected value [null]; codes [NotBlank.blogDto.title,NotBlank.title,NotBlank.java.lang.String,NotBlank]; arguments [org.springframework.context.support.DefaultMessageSourceResolvable: codes [blogDto.title,title]; arguments []; default message [title]]; default message [must not be blank]] ]
2024-08-05T03:00:08.584+05:30  WARN 6536 --- [spring-jpa-one-to-many-blog-comment-2] [http-nio-8080-exec-6] .m.m.a.ExceptionHandlerExceptionResolver : Resolved [org.springframework.web.bind.MethodArgumentNotValidException: Validation failed for argument [0] in public org.springframework.http.ResponseEntity<com.techlabs.app.dto.BlogDto> com.techlabs.app.controller.BlogController.saveBlog(com.techlabs.app.dto.BlogDto) with 3 errors: [Field error in object 'blogDto' on field 'data': rejected value [null]; codes [NotBlank.blogDto.data,NotBlank.data,NotBlank.java.lang.String,NotBlank]; arguments [org.springframework.context.support.DefaultMessageSourceResolvable: codes [blogDto.data,data]; arguments []; default message [data]]; default message [must not be blank]] [Field error in object 'blogDto' on field 'title': rejected value [null]; codes [NotBlank.blogDto.title,NotBlank.title,NotBlank.java.lang.String,NotBlank]; arguments [org.springframework.context.support.DefaultMessageSourceResolvable: codes [blogDto.title,title]; arguments []; default message [title]]; default message [must not be blank]] [Field error in object 'blogDto' on field 'category': rejected value [null]; codes [NotBlank.blogDto.category,NotBlank.category,NotBlank.java.lang.String,NotBlank]; arguments [org.springframework.context.support.DefaultMessageSourceResolvable: codes [blogDto.category,category]; arguments []; default message [category]]; default message [must not be blank]] ]
2024-08-05T03:00:44.246+05:30  WARN 6536 --- [spring-jpa-one-to-many-blog-comment-2] [http-nio-8080-exec-8] .m.m.a.ExceptionHandlerExceptionResolver : Resolved [org.springframework.web.bind.MethodArgumentNotValidException: Validation failed for argument [0] in public org.springframework.http.ResponseEntity<com.techlabs.app.dto.BlogDto> com.techlabs.app.controller.BlogController.saveBlog(com.techlabs.app.dto.BlogDto) with 3 errors: [Field error in object 'blogDto' on field 'data': rejected value [null]; codes [NotBlank.blogDto.data,NotBlank.data,NotBlank.java.lang.String,NotBlank]; arguments [org.springframework.context.support.DefaultMessageSourceResolvable: codes [blogDto.data,data]; arguments []; default message [data]]; default message [must not be blank]] [Field error in object 'blogDto' on field 'title': rejected value [null]; codes [NotBlank.blogDto.title,NotBlank.title,NotBlank.java.lang.String,NotBlank]; arguments [org.springframework.context.support.DefaultMessageSourceResolvable: codes [blogDto.title,title]; arguments []; default message [title]]; default message [must not be blank]] [Field error in object 'blogDto' on field 'category': rejected value [null]; codes [NotBlank.blogDto.category,NotBlank.category,NotBlank.java.lang.String,NotBlank]; arguments [org.springframework.context.support.DefaultMessageSourceResolvable: codes [blogDto.category,category]; arguments []; default message [category]]; default message [must not be blank]] ]
2024-08-05T10:18:13.658+05:30  INFO 13944 --- [spring-jpa-one-to-many-blog-comment-2] [restartedMain] pringJpaOneToManyBlogComment2Application : Starting SpringJpaOneToManyBlogComment2Application using Java 21.0.3 with PID 13944 (C:\Users\ChHarshini\Documents\workspace-spring-tool-suite-4-4.23.1.RELEASE\spring-jpa-one-to-many-blog-comment-2\target\classes started by ChHarshini in C:\Users\ChHarshini\Documents\workspace-spring-tool-suite-4-4.23.1.RELEASE\spring-jpa-one-to-many-blog-comment-2)
2024-08-05T10:18:13.668+05:30  INFO 13944 --- [spring-jpa-one-to-many-blog-comment-2] [restartedMain] pringJpaOneToManyBlogComment2Application : No active profile set, falling back to 1 default profile: "default"
2024-08-05T10:18:13.730+05:30  INFO 13944 --- [spring-jpa-one-to-many-blog-comment-2] [restartedMain] .e.DevToolsPropertyDefaultsPostProcessor : Devtools property defaults active! Set 'spring.devtools.add-properties' to 'false' to disable
2024-08-05T10:18:13.730+05:30  INFO 13944 --- [spring-jpa-one-to-many-blog-comment-2] [restartedMain] .e.DevToolsPropertyDefaultsPostProcessor : For additional web related logging consider setting the 'logging.level.web' property to 'DEBUG'
2024-08-05T10:18:14.809+05:30  INFO 13944 --- [spring-jpa-one-to-many-blog-comment-2] [restartedMain] .s.d.r.c.RepositoryConfigurationDelegate : Bootstrapping Spring Data JPA repositories in DEFAULT mode.
2024-08-05T10:18:14.940+05:30  INFO 13944 --- [spring-jpa-one-to-many-blog-comment-2] [restartedMain] .s.d.r.c.RepositoryConfigurationDelegate : Finished Spring Data repository scanning in 119 ms. Found 2 JPA repository interfaces.
2024-08-05T10:18:16.014+05:30  INFO 13944 --- [spring-jpa-one-to-many-blog-comment-2] [restartedMain] o.s.b.w.embedded.tomcat.TomcatWebServer  : Tomcat initialized with port 8080 (http)
2024-08-05T10:18:16.034+05:30  INFO 13944 --- [spring-jpa-one-to-many-blog-comment-2] [restartedMain] o.apache.catalina.core.StandardService   : Starting service [Tomcat]
2024-08-05T10:18:16.035+05:30  INFO 13944 --- [spring-jpa-one-to-many-blog-comment-2] [restartedMain] o.apache.catalina.core.StandardEngine    : Starting Servlet engine: [Apache Tomcat/10.1.26]
2024-08-05T10:18:16.118+05:30  INFO 13944 --- [spring-jpa-one-to-many-blog-comment-2] [restartedMain] o.a.c.c.C.[Tomcat].[localhost].[/]       : Initializing Spring embedded WebApplicationContext
2024-08-05T10:18:16.119+05:30  INFO 13944 --- [spring-jpa-one-to-many-blog-comment-2] [restartedMain] w.s.c.ServletWebServerApplicationContext : Root WebApplicationContext: initialization completed in 2389 ms
2024-08-05T10:18:16.384+05:30  INFO 13944 --- [spring-jpa-one-to-many-blog-comment-2] [restartedMain] o.hibernate.jpa.internal.util.LogHelper  : HHH000204: Processing PersistenceUnitInfo [name: default]
2024-08-05T10:18:16.478+05:30  INFO 13944 --- [spring-jpa-one-to-many-blog-comment-2] [restartedMain] org.hibernate.Version                    : HHH000412: Hibernate ORM core version 6.5.2.Final
2024-08-05T10:18:16.540+05:30  INFO 13944 --- [spring-jpa-one-to-many-blog-comment-2] [restartedMain] o.h.c.internal.RegionFactoryInitiator    : HHH000026: Second-level cache disabled
2024-08-05T10:18:16.975+05:30  INFO 13944 --- [spring-jpa-one-to-many-blog-comment-2] [restartedMain] o.s.o.j.p.SpringPersistenceUnitInfo      : No LoadTimeWeaver setup: ignoring JPA class transformer
2024-08-05T10:18:17.020+05:30  INFO 13944 --- [spring-jpa-one-to-many-blog-comment-2] [restartedMain] com.zaxxer.hikari.HikariDataSource       : HikariPool-1 - Starting...
2024-08-05T10:18:17.544+05:30  INFO 13944 --- [spring-jpa-one-to-many-blog-comment-2] [restartedMain] com.zaxxer.hikari.pool.HikariPool        : HikariPool-1 - Added connection com.mysql.cj.jdbc.ConnectionImpl@689006cb
2024-08-05T10:18:17.546+05:30  INFO 13944 --- [spring-jpa-one-to-many-blog-comment-2] [restartedMain] com.zaxxer.hikari.HikariDataSource       : HikariPool-1 - Start completed.
2024-08-05T10:18:18.791+05:30  INFO 13944 --- [spring-jpa-one-to-many-blog-comment-2] [restartedMain] o.h.e.t.j.p.i.JtaPlatformInitiator       : HHH000489: No JTA platform available (set 'hibernate.transaction.jta.platform' to enable JTA platform integration)
2024-08-05T10:18:18.857+05:30  INFO 13944 --- [spring-jpa-one-to-many-blog-comment-2] [restartedMain] j.LocalContainerEntityManagerFactoryBean : Initialized JPA EntityManagerFactory for persistence unit 'default'
2024-08-05T10:18:19.551+05:30  WARN 13944 --- [spring-jpa-one-to-many-blog-comment-2] [restartedMain] JpaBaseConfiguration$JpaWebConfiguration : spring.jpa.open-in-view is enabled by default. Therefore, database queries may be performed during view rendering. Explicitly configure spring.jpa.open-in-view to disable this warning
2024-08-05T10:18:20.289+05:30  WARN 13944 --- [spring-jpa-one-to-many-blog-comment-2] [restartedMain] o.s.b.d.a.OptionalLiveReloadServer       : Unable to start LiveReload server
2024-08-05T10:18:20.329+05:30  WARN 13944 --- [spring-jpa-one-to-many-blog-comment-2] [restartedMain] ConfigServletWebServerApplicationContext : Exception encountered during context initialization - cancelling refresh attempt: org.springframework.context.ApplicationContextException: Failed to start bean 'webServerStartStop'
2024-08-05T10:18:20.332+05:30  INFO 13944 --- [spring-jpa-one-to-many-blog-comment-2] [restartedMain] j.LocalContainerEntityManagerFactoryBean : Closing JPA EntityManagerFactory for persistence unit 'default'
2024-08-05T10:18:20.337+05:30  INFO 13944 --- [spring-jpa-one-to-many-blog-comment-2] [restartedMain] com.zaxxer.hikari.HikariDataSource       : HikariPool-1 - Shutdown initiated...
2024-08-05T10:18:20.352+05:30  INFO 13944 --- [spring-jpa-one-to-many-blog-comment-2] [restartedMain] com.zaxxer.hikari.HikariDataSource       : HikariPool-1 - Shutdown completed.
2024-08-05T10:18:20.381+05:30  INFO 13944 --- [spring-jpa-one-to-many-blog-comment-2] [restartedMain] .s.b.a.l.ConditionEvaluationReportLogger : 

Error starting ApplicationContext. To display the condition evaluation report re-run your application with 'debug' enabled.
2024-08-05T10:18:20.410+05:30 ERROR 13944 --- [spring-jpa-one-to-many-blog-comment-2] [restartedMain] o.s.b.d.LoggingFailureAnalysisReporter   : 

***************************
APPLICATION FAILED TO START
***************************

Description:

Web server failed to start. Port 8080 was already in use.

Action:

Identify and stop the process that's listening on port 8080 or configure this application to listen on another port.

2024-08-05T10:18:26.871+05:30  INFO 21560 --- [spring-jpa-one-to-many-blog-comment-2] [restartedMain] pringJpaOneToManyBlogComment2Application : Starting SpringJpaOneToManyBlogComment2Application using Java 21.0.3 with PID 21560 (C:\Users\ChHarshini\Documents\workspace-spring-tool-suite-4-4.23.1.RELEASE\spring-jpa-one-to-many-blog-comment-2\target\classes started by ChHarshini in C:\Users\ChHarshini\Documents\workspace-spring-tool-suite-4-4.23.1.RELEASE\spring-jpa-one-to-many-blog-comment-2)
2024-08-05T10:18:26.880+05:30  INFO 21560 --- [spring-jpa-one-to-many-blog-comment-2] [restartedMain] pringJpaOneToManyBlogComment2Application : No active profile set, falling back to 1 default profile: "default"
2024-08-05T10:18:26.940+05:30  INFO 21560 --- [spring-jpa-one-to-many-blog-comment-2] [restartedMain] .e.DevToolsPropertyDefaultsPostProcessor : Devtools property defaults active! Set 'spring.devtools.add-properties' to 'false' to disable
2024-08-05T10:18:26.940+05:30  INFO 21560 --- [spring-jpa-one-to-many-blog-comment-2] [restartedMain] .e.DevToolsPropertyDefaultsPostProcessor : For additional web related logging consider setting the 'logging.level.web' property to 'DEBUG'
2024-08-05T10:18:27.954+05:30  INFO 21560 --- [spring-jpa-one-to-many-blog-comment-2] [restartedMain] .s.d.r.c.RepositoryConfigurationDelegate : Bootstrapping Spring Data JPA repositories in DEFAULT mode.
2024-08-05T10:18:28.056+05:30  INFO 21560 --- [spring-jpa-one-to-many-blog-comment-2] [restartedMain] .s.d.r.c.RepositoryConfigurationDelegate : Finished Spring Data repository scanning in 88 ms. Found 2 JPA repository interfaces.
2024-08-05T10:18:29.048+05:30  INFO 21560 --- [spring-jpa-one-to-many-blog-comment-2] [restartedMain] o.s.b.w.embedded.tomcat.TomcatWebServer  : Tomcat initialized with port 8080 (http)
2024-08-05T10:18:29.070+05:30  INFO 21560 --- [spring-jpa-one-to-many-blog-comment-2] [restartedMain] o.apache.catalina.core.StandardService   : Starting service [Tomcat]
2024-08-05T10:18:29.070+05:30  INFO 21560 --- [spring-jpa-one-to-many-blog-comment-2] [restartedMain] o.apache.catalina.core.StandardEngine    : Starting Servlet engine: [Apache Tomcat/10.1.26]
2024-08-05T10:18:29.143+05:30  INFO 21560 --- [spring-jpa-one-to-many-blog-comment-2] [restartedMain] o.a.c.c.C.[Tomcat].[localhost].[/]       : Initializing Spring embedded WebApplicationContext
2024-08-05T10:18:29.144+05:30  INFO 21560 --- [spring-jpa-one-to-many-blog-comment-2] [restartedMain] w.s.c.ServletWebServerApplicationContext : Root WebApplicationContext: initialization completed in 2202 ms
2024-08-05T10:18:29.487+05:30  INFO 21560 --- [spring-jpa-one-to-many-blog-comment-2] [restartedMain] o.hibernate.jpa.internal.util.LogHelper  : HHH000204: Processing PersistenceUnitInfo [name: default]
2024-08-05T10:18:29.569+05:30  INFO 21560 --- [spring-jpa-one-to-many-blog-comment-2] [restartedMain] org.hibernate.Version                    : HHH000412: Hibernate ORM core version 6.5.2.Final
2024-08-05T10:18:29.615+05:30  INFO 21560 --- [spring-jpa-one-to-many-blog-comment-2] [restartedMain] o.h.c.internal.RegionFactoryInitiator    : HHH000026: Second-level cache disabled
2024-08-05T10:18:30.258+05:30  INFO 21560 --- [spring-jpa-one-to-many-blog-comment-2] [restartedMain] o.s.o.j.p.SpringPersistenceUnitInfo      : No LoadTimeWeaver setup: ignoring JPA class transformer
2024-08-05T10:18:30.288+05:30  INFO 21560 --- [spring-jpa-one-to-many-blog-comment-2] [restartedMain] com.zaxxer.hikari.HikariDataSource       : HikariPool-1 - Starting...
2024-08-05T10:18:30.775+05:30  INFO 21560 --- [spring-jpa-one-to-many-blog-comment-2] [restartedMain] com.zaxxer.hikari.pool.HikariPool        : HikariPool-1 - Added connection com.mysql.cj.jdbc.ConnectionImpl@524b3e6d
2024-08-05T10:18:30.778+05:30  INFO 21560 --- [spring-jpa-one-to-many-blog-comment-2] [restartedMain] com.zaxxer.hikari.HikariDataSource       : HikariPool-1 - Start completed.
2024-08-05T10:18:31.979+05:30  INFO 21560 --- [spring-jpa-one-to-many-blog-comment-2] [restartedMain] o.h.e.t.j.p.i.JtaPlatformInitiator       : HHH000489: No JTA platform available (set 'hibernate.transaction.jta.platform' to enable JTA platform integration)
2024-08-05T10:18:32.041+05:30  INFO 21560 --- [spring-jpa-one-to-many-blog-comment-2] [restartedMain] j.LocalContainerEntityManagerFactoryBean : Initialized JPA EntityManagerFactory for persistence unit 'default'
2024-08-05T10:18:32.750+05:30  WARN 21560 --- [spring-jpa-one-to-many-blog-comment-2] [restartedMain] JpaBaseConfiguration$JpaWebConfiguration : spring.jpa.open-in-view is enabled by default. Therefore, database queries may be performed during view rendering. Explicitly configure spring.jpa.open-in-view to disable this warning
2024-08-05T10:18:33.579+05:30  INFO 21560 --- [spring-jpa-one-to-many-blog-comment-2] [restartedMain] o.s.b.d.a.OptionalLiveReloadServer       : LiveReload server is running on port 35729
2024-08-05T10:18:33.640+05:30  INFO 21560 --- [spring-jpa-one-to-many-blog-comment-2] [restartedMain] o.s.b.w.embedded.tomcat.TomcatWebServer  : Tomcat started on port 8080 (http) with context path '/'
2024-08-05T10:18:33.667+05:30  INFO 21560 --- [spring-jpa-one-to-many-blog-comment-2] [restartedMain] pringJpaOneToManyBlogComment2Application : Started SpringJpaOneToManyBlogComment2Application in 7.221 seconds (process running for 7.704)
2024-08-05T10:18:43.463+05:30  INFO 21560 --- [spring-jpa-one-to-many-blog-comment-2] [http-nio-8080-exec-3] o.a.c.c.C.[Tomcat].[localhost].[/]       : Initializing Spring DispatcherServlet 'dispatcherServlet'
2024-08-05T10:18:43.463+05:30  INFO 21560 --- [spring-jpa-one-to-many-blog-comment-2] [http-nio-8080-exec-3] o.s.web.servlet.DispatcherServlet        : Initializing Servlet 'dispatcherServlet'
2024-08-05T10:18:43.466+05:30  INFO 21560 --- [spring-jpa-one-to-many-blog-comment-2] [http-nio-8080-exec-3] o.s.web.servlet.DispatcherServlet        : Completed initialization in 2 ms
2024-08-05T10:18:43.875+05:30  WARN 21560 --- [spring-jpa-one-to-many-blog-comment-2] [http-nio-8080-exec-3] .m.m.a.ExceptionHandlerExceptionResolver : Resolved [com.techlabs.app.exception.NotFoundException: No Blog Found]
2024-08-05T10:21:01.341+05:30  WARN 21560 --- [spring-jpa-one-to-many-blog-comment-2] [http-nio-8080-exec-1] .m.m.a.ExceptionHandlerExceptionResolver : Resolved [org.springframework.web.bind.MethodArgumentNotValidException: Validation failed for argument [0] in public org.springframework.http.ResponseEntity<com.techlabs.app.dto.BlogDto> com.techlabs.app.controller.BlogController.saveBlog(com.techlabs.app.dto.BlogDto) with 3 errors: [Field error in object 'blogDto' on field 'title': rejected value [null]; codes [NotBlank.blogDto.title,NotBlank.title,NotBlank.java.lang.String,NotBlank]; arguments [org.springframework.context.support.DefaultMessageSourceResolvable: codes [blogDto.title,title]; arguments []; default message [title]]; default message [must not be blank]] [Field error in object 'blogDto' on field 'data': rejected value [null]; codes [NotBlank.blogDto.data,NotBlank.data,NotBlank.java.lang.String,NotBlank]; arguments [org.springframework.context.support.DefaultMessageSourceResolvable: codes [blogDto.data,data]; arguments []; default message [data]]; default message [must not be blank]] [Field error in object 'blogDto' on field 'category': rejected value [null]; codes [NotBlank.blogDto.category,NotBlank.category,NotBlank.java.lang.String,NotBlank]; arguments [org.springframework.context.support.DefaultMessageSourceResolvable: codes [blogDto.category,category]; arguments []; default message [category]]; default message [must not be blank]] ]
2024-08-05T10:21:44.606+05:30  WARN 21560 --- [spring-jpa-one-to-many-blog-comment-2] [http-nio-8080-exec-9] .m.m.a.ExceptionHandlerExceptionResolver : Resolved [org.springframework.web.bind.MethodArgumentNotValidException: Validation failed for argument [0] in public org.springframework.http.ResponseEntity<com.techlabs.app.dto.BlogDto> com.techlabs.app.controller.BlogController.saveBlog(com.techlabs.app.dto.BlogDto) with 3 errors: [Field error in object 'blogDto' on field 'title': rejected value [null]; codes [NotBlank.blogDto.title,NotBlank.title,NotBlank.java.lang.String,NotBlank]; arguments [org.springframework.context.support.DefaultMessageSourceResolvable: codes [blogDto.title,title]; arguments []; default message [title]]; default message [must not be blank]] [Field error in object 'blogDto' on field 'data': rejected value [null]; codes [NotBlank.blogDto.data,NotBlank.data,NotBlank.java.lang.String,NotBlank]; arguments [org.springframework.context.support.DefaultMessageSourceResolvable: codes [blogDto.data,data]; arguments []; default message [data]]; default message [must not be blank]] [Field error in object 'blogDto' on field 'category': rejected value [null]; codes [NotBlank.blogDto.category,NotBlank.category,NotBlank.java.lang.String,NotBlank]; arguments [org.springframework.context.support.DefaultMessageSourceResolvable: codes [blogDto.category,category]; arguments []; default message [category]]; default message [must not be blank]] ]
2024-08-05T10:22:36.793+05:30  WARN 21560 --- [spring-jpa-one-to-many-blog-comment-2] [http-nio-8080-exec-6] .m.m.a.ExceptionHandlerExceptionResolver : Resolved [org.springframework.web.servlet.resource.NoResourceFoundException: No static resource students/1.]
2024-08-05T10:23:08.691+05:30  INFO 22020 --- [spring-jpa-one-to-many-blog-comment-2] [restartedMain] pringJpaOneToManyBlogComment2Application : Starting SpringJpaOneToManyBlogComment2Application using Java 21.0.3 with PID 22020 (C:\Users\ChHarshini\Documents\workspace-spring-tool-suite-4-4.23.1.RELEASE\spring-jpa-one-to-many-blog-comment-2\target\classes started by ChHarshini in C:\Users\ChHarshini\Documents\workspace-spring-tool-suite-4-4.23.1.RELEASE\spring-jpa-one-to-many-blog-comment-2)
2024-08-05T10:23:08.694+05:30  INFO 22020 --- [spring-jpa-one-to-many-blog-comment-2] [restartedMain] pringJpaOneToManyBlogComment2Application : No active profile set, falling back to 1 default profile: "default"
2024-08-05T10:23:08.748+05:30  INFO 22020 --- [spring-jpa-one-to-many-blog-comment-2] [restartedMain] .e.DevToolsPropertyDefaultsPostProcessor : Devtools property defaults active! Set 'spring.devtools.add-properties' to 'false' to disable
2024-08-05T10:23:08.748+05:30  INFO 22020 --- [spring-jpa-one-to-many-blog-comment-2] [restartedMain] .e.DevToolsPropertyDefaultsPostProcessor : For additional web related logging consider setting the 'logging.level.web' property to 'DEBUG'
2024-08-05T10:23:09.616+05:30  INFO 22020 --- [spring-jpa-one-to-many-blog-comment-2] [restartedMain] .s.d.r.c.RepositoryConfigurationDelegate : Bootstrapping Spring Data JPA repositories in DEFAULT mode.
2024-08-05T10:23:09.690+05:30  INFO 22020 --- [spring-jpa-one-to-many-blog-comment-2] [restartedMain] .s.d.r.c.RepositoryConfigurationDelegate : Finished Spring Data repository scanning in 63 ms. Found 2 JPA repository interfaces.
2024-08-05T10:23:10.448+05:30  INFO 22020 --- [spring-jpa-one-to-many-blog-comment-2] [restartedMain] o.s.b.w.embedded.tomcat.TomcatWebServer  : Tomcat initialized with port 8080 (http)
2024-08-05T10:23:10.466+05:30  INFO 22020 --- [spring-jpa-one-to-many-blog-comment-2] [restartedMain] o.apache.catalina.core.StandardService   : Starting service [Tomcat]
2024-08-05T10:23:10.466+05:30  INFO 22020 --- [spring-jpa-one-to-many-blog-comment-2] [restartedMain] o.apache.catalina.core.StandardEngine    : Starting Servlet engine: [Apache Tomcat/10.1.26]
2024-08-05T10:23:10.531+05:30  INFO 22020 --- [spring-jpa-one-to-many-blog-comment-2] [restartedMain] o.a.c.c.C.[Tomcat].[localhost].[/]       : Initializing Spring embedded WebApplicationContext
2024-08-05T10:23:10.532+05:30  INFO 22020 --- [spring-jpa-one-to-many-blog-comment-2] [restartedMain] w.s.c.ServletWebServerApplicationContext : Root WebApplicationContext: initialization completed in 1782 ms
2024-08-05T10:23:10.765+05:30  INFO 22020 --- [spring-jpa-one-to-many-blog-comment-2] [restartedMain] o.hibernate.jpa.internal.util.LogHelper  : HHH000204: Processing PersistenceUnitInfo [name: default]
2024-08-05T10:23:10.827+05:30  INFO 22020 --- [spring-jpa-one-to-many-blog-comment-2] [restartedMain] org.hibernate.Version                    : HHH000412: Hibernate ORM core version 6.5.2.Final
2024-08-05T10:23:10.873+05:30  INFO 22020 --- [spring-jpa-one-to-many-blog-comment-2] [restartedMain] o.h.c.internal.RegionFactoryInitiator    : HHH000026: Second-level cache disabled
2024-08-05T10:23:11.198+05:30  INFO 22020 --- [spring-jpa-one-to-many-blog-comment-2] [restartedMain] o.s.o.j.p.SpringPersistenceUnitInfo      : No LoadTimeWeaver setup: ignoring JPA class transformer
2024-08-05T10:23:11.223+05:30  INFO 22020 --- [spring-jpa-one-to-many-blog-comment-2] [restartedMain] com.zaxxer.hikari.HikariDataSource       : HikariPool-1 - Starting...
2024-08-05T10:23:11.593+05:30  INFO 22020 --- [spring-jpa-one-to-many-blog-comment-2] [restartedMain] com.zaxxer.hikari.pool.HikariPool        : HikariPool-1 - Added connection com.mysql.cj.jdbc.ConnectionImpl@3df4ec22
2024-08-05T10:23:11.595+05:30  INFO 22020 --- [spring-jpa-one-to-many-blog-comment-2] [restartedMain] com.zaxxer.hikari.HikariDataSource       : HikariPool-1 - Start completed.
2024-08-05T10:23:12.688+05:30  INFO 22020 --- [spring-jpa-one-to-many-blog-comment-2] [restartedMain] o.h.e.t.j.p.i.JtaPlatformInitiator       : HHH000489: No JTA platform available (set 'hibernate.transaction.jta.platform' to enable JTA platform integration)
2024-08-05T10:23:12.763+05:30  INFO 22020 --- [spring-jpa-one-to-many-blog-comment-2] [restartedMain] j.LocalContainerEntityManagerFactoryBean : Initialized JPA EntityManagerFactory for persistence unit 'default'
2024-08-05T10:23:13.426+05:30  WARN 22020 --- [spring-jpa-one-to-many-blog-comment-2] [restartedMain] JpaBaseConfiguration$JpaWebConfiguration : spring.jpa.open-in-view is enabled by default. Therefore, database queries may be performed during view rendering. Explicitly configure spring.jpa.open-in-view to disable this warning
2024-08-05T10:23:14.485+05:30  INFO 22020 --- [spring-jpa-one-to-many-blog-comment-2] [restartedMain] o.s.b.d.a.OptionalLiveReloadServer       : LiveReload server is running on port 35729
2024-08-05T10:23:14.551+05:30  INFO 22020 --- [spring-jpa-one-to-many-blog-comment-2] [restartedMain] o.s.b.w.embedded.tomcat.TomcatWebServer  : Tomcat started on port 8080 (http) with context path '/'
2024-08-05T10:23:14.574+05:30  INFO 22020 --- [spring-jpa-one-to-many-blog-comment-2] [restartedMain] pringJpaOneToManyBlogComment2Application : Started SpringJpaOneToManyBlogComment2Application in 6.305 seconds (process running for 6.848)
2024-08-05T10:23:37.581+05:30  INFO 22020 --- [spring-jpa-one-to-many-blog-comment-2] [http-nio-8080-exec-1] o.a.c.c.C.[Tomcat].[localhost].[/]       : Initializing Spring DispatcherServlet 'dispatcherServlet'
2024-08-05T10:23:37.582+05:30  INFO 22020 --- [spring-jpa-one-to-many-blog-comment-2] [http-nio-8080-exec-1] o.s.web.servlet.DispatcherServlet        : Initializing Servlet 'dispatcherServlet'
2024-08-05T10:23:37.585+05:30  INFO 22020 --- [spring-jpa-one-to-many-blog-comment-2] [http-nio-8080-exec-1] o.s.web.servlet.DispatcherServlet        : Completed initialization in 2 ms
2024-08-05T10:23:38.475+05:30  INFO 22020 --- [spring-jpa-one-to-many-blog-comment-2] [http-nio-8080-exec-9] o.springdoc.api.AbstractOpenApiResource  : Init duration for springdoc-openapi is: 519 ms
2024-08-05T10:28:00.826+05:30  WARN 22020 --- [spring-jpa-one-to-many-blog-comment-2] [http-nio-8080-exec-5] .m.m.a.ExceptionHandlerExceptionResolver : Resolved [com.techlabs.app.exception.NotFoundException: No Blog Found]
2024-08-05T10:29:23.055+05:30  WARN 22020 --- [spring-jpa-one-to-many-blog-comment-2] [http-nio-8080-exec-8] .m.m.a.ExceptionHandlerExceptionResolver : Resolved [com.techlabs.app.exception.NotFoundException: No Comments Found]
2024-08-05T10:32:38.723+05:30  WARN 22020 --- [spring-jpa-one-to-many-blog-comment-2] [http-nio-8080-exec-10] .m.m.a.ExceptionHandlerExceptionResolver : Resolved [org.springframework.web.servlet.resource.NoResourceFoundException: No static resource api/blogs.]
2024-08-05T10:33:03.317+05:30  WARN 22020 --- [spring-jpa-one-to-many-blog-comment-2] [http-nio-8080-exec-1] .m.m.a.ExceptionHandlerExceptionResolver : Resolved [org.springframework.web.servlet.resource.NoResourceFoundException: No static resource api/blogs.]
2024-08-05T10:33:14.928+05:30  WARN 22020 --- [spring-jpa-one-to-many-blog-comment-2] [http-nio-8080-exec-3] .m.m.a.ExceptionHandlerExceptionResolver : Resolved [org.springframework.web.servlet.resource.NoResourceFoundException: No static resource api/blogs/2.]
